#
# There is insufficient memory for the Java Runtime Environment to continue.
# Native memory allocation (mmap) failed to map 2097152 bytes for G1 virtual space
# Possible reasons:
#   The system is out of physical RAM or swap space
#   The process is running with CompressedOops enabled, and the Java Heap may be blocking the growth of the native heap
# Possible solutions:
#   Reduce memory load on the system
#   Increase physical memory or swap space
#   Check if swap backing store is full
#   Decrease Java heap size (-Xmx/-Xms)
#   Decrease number of Java threads
#   Decrease Java thread stack sizes (-Xss)
#   Set larger code cache with -XX:ReservedCodeCacheSize=
#   JVM is running with Unscaled Compressed Oops mode in which the Java heap is
#     placed in the first 4GB address space. The Java Heap base address is the
#     maximum limit for the native heap growth. Please use -XX:HeapBaseMinAddress
#     to set the Java Heap base and to place the Java Heap above 4GB virtual address.
# This output file may be truncated or incomplete.
#
#  Out of Memory Error (os_windows.cpp:3760), pid=14280, tid=21716
#
# JRE version:  (17.0.5+1) (build )
# Java VM: OpenJDK 64-Bit Server VM (17.0.5+1-b653.25, mixed mode, sharing, tiered, compressed oops, compressed class ptrs, g1 gc, windows-amd64)
# No core dump will be written. Minidumps are not enabled by default on client versions of Windows
#

---------------  S U M M A R Y ------------

Command Line: git4idea.http.GitAskPassApp Username for 'https://github.com': 

Host: Intel(R) Core(TM) i5-6200U CPU @ 2.30GHz, 4 cores, 7G,  Windows 10 , 64 bit Build 19041 (10.0.19041.2364)
Time: Wed Feb  1 21:24:11 2023  Windows 10 , 64 bit Build 19041 (10.0.19041.2364) elapsed time: 0.033461 seconds (0d 0h 0m 0s)

---------------  T H R E A D  ---------------

Current thread (0x0000020fc19003b0):  JavaThread "Unknown thread" [_thread_in_vm, id=21716, stack(0x0000002699900000,0x0000002699a00000)]

Stack: [0x0000002699900000,0x0000002699a00000]
Native frames: (J=compiled Java code, j=interpreted, Vv=VM code, C=native code)
V  [jvm.dll+0x6830ca]
V  [jvm.dll+0x83f4c4]
V  [jvm.dll+0x840c6e]
V  [jvm.dll+0x8412d3]
V  [jvm.dll+0x2490b5]
V  [jvm.dll+0x67ff99]
V  [jvm.dll+0x6744aa]
V  [jvm.dll+0x308f2b]
V  [jvm.dll+0x3103e6]
V  [jvm.dll+0x360153]
V  [jvm.dll+0x36036f]
V  [jvm.dll+0x2df018]
V  [jvm.dll+0x2dff84]
V  [jvm.dll+0x810d91]
V  [jvm.dll+0x36df31]
V  [jvm.dll+0x7f028c]
V  [jvm.dll+0x3f0cbf]
V  [jvm.dll+0x3f2801]
C  [jli.dll+0x526b]
C  [ucrtbase.dll+0x21bb2]
C  [KERNEL32.DLL+0x17614]
C  [ntdll.dll+0x526a1]


---------------  P R O C E S S  ---------------

Threads class SMR info:
_java_thread_list=0x00007fff1c0f8f98, length=0, elements={
}

Java Threads: ( => current thread )

Other Threads:
  0x0000020fc1959b20 GCTaskThread "GC Thread#0" [stack: 0x0000002699a00000,0x0000002699b00000] [id=716]
  0x0000020fc196acb0 ConcurrentGCThread "G1 Main Marker" [stack: 0x0000002699b00000,0x0000002699c00000] [id=23556]
  0x0000020fc196be60 ConcurrentGCThread "G1 Conc#0" [stack: 0x0000002699c00000,0x0000002699d00000] [id=20852]

[error occurred during error reporting (printing all threads), id 0xc0000005, EXCEPTION_ACCESS_VIOLATION (0xc0000005) at pc=0x00007fff1b8afbd7]

VM state: not at safepoint (not fully initialized)

VM Mutex/Monitor currently owned by a thread:  ([mutex/lock_event])
[0x0000020fc18ff2f0] Heap_lock - owner thread: 0x0000020fc19003b0

Heap address: 0x0000000081e00000, size: 2018 MB, Compressed Oops mode: 32-bit

CDS archive(s) mapped at: [0x0000000000000000-0x0000000000000000-0x0000000000000000), size 0, SharedBaseAddress: 0x0000000800000000, ArchiveRelocationMode: 0.
Narrow klass base: 0x0000000000000000, Narrow klass shift: 0, Narrow klass range: 0x0

GC Precious Log:
<Empty>

Heap:
 garbage-first heap   total 0K, used 0K [0x0000000081e00000, 0x0000000100000000)
  region size 1024K, 0 young (0K), 0 survivors (0K)

[error occurred during error reporting (printing heap information), id 0xc0000005, EXCEPTION_ACCESS_VIOLATION (0xc0000005) at pc=0x00007fff1bc9cd59]

GC Heap History (0 events):
No events

Dll operation events (1 events):
Event: 0.021 Loaded shared library C:\Program Files\JetBrains\PyCharm Community Edition 2022.3.2\jbr\bin\java.dll

Deoptimization events (0 events):
No events

Classes unloaded (0 events):
No events

Classes redefined (0 events):
No events

Internal exceptions (0 events):
No events

VM Operations (0 events):
No events

Events (0 events):
No events


Dynamic libraries:
0x00007ff6794b0000 - 0x00007ff6794ba000 	C:\Program Files\JetBrains\PyCharm Community Edition 2022.3.2\jbr\bin\java.exe
0x00007fff6c7b0000 - 0x00007fff6c9a8000 	C:\WINDOWS\SYSTEM32\ntdll.dll
0x00007fff6be00000 - 0x00007fff6bebf000 	C:\WINDOWS\System32\KERNEL32.DLL
0x00007fff6a170000 - 0x00007fff6a442000 	C:\WINDOWS\System32\KERNELBASE.dll
0x00007fff69fe0000 - 0x00007fff6a0e0000 	C:\WINDOWS\System32\ucrtbase.dll
0x00007fff57070000 - 0x00007fff57087000 	C:\Program Files\JetBrains\PyCharm Community Edition 2022.3.2\jbr\bin\jli.dll
0x00007fff350b0000 - 0x00007fff350cb000 	C:\Program Files\JetBrains\PyCharm Community Edition 2022.3.2\jbr\bin\VCRUNTIME140.dll
0x00007fff6b010000 - 0x00007fff6b1b1000 	C:\WINDOWS\System32\USER32.dll
0x00007fff46ea0000 - 0x00007fff4713a000 	C:\WINDOWS\WinSxS\amd64_microsoft.windows.common-controls_6595b64144ccf1df_6.0.19041.1110_none_60b5254171f9507e\COMCTL32.dll
0x00007fff6a710000 - 0x00007fff6a732000 	C:\WINDOWS\System32\win32u.dll
0x00007fff6b590000 - 0x00007fff6b62e000 	C:\WINDOWS\System32\msvcrt.dll
0x00007fff6bec0000 - 0x00007fff6beeb000 	C:\WINDOWS\System32\GDI32.dll
0x00007fff69ed0000 - 0x00007fff69fdf000 	C:\WINDOWS\System32\gdi32full.dll
0x00007fff6a510000 - 0x00007fff6a5ad000 	C:\WINDOWS\System32\msvcp_win.dll
0x00007fff6b630000 - 0x00007fff6b662000 	C:\WINDOWS\System32\IMM32.DLL
0x00007fff54060000 - 0x00007fff5406c000 	C:\Program Files\JetBrains\PyCharm Community Edition 2022.3.2\jbr\bin\vcruntime140_1.dll
0x00007fff21320000 - 0x00007fff213ad000 	C:\Program Files\JetBrains\PyCharm Community Edition 2022.3.2\jbr\bin\msvcp140.dll
0x00007fff1b5c0000 - 0x00007fff1c22b000 	C:\Program Files\JetBrains\PyCharm Community Edition 2022.3.2\jbr\bin\server\jvm.dll
0x00007fff6ae30000 - 0x00007fff6aede000 	C:\WINDOWS\System32\ADVAPI32.dll
0x00007fff6a9b0000 - 0x00007fff6aa4c000 	C:\WINDOWS\System32\sechost.dll
0x00007fff6aee0000 - 0x00007fff6b005000 	C:\WINDOWS\System32\RPCRT4.dll
0x00007fff5ff20000 - 0x00007fff5ff2a000 	C:\WINDOWS\SYSTEM32\VERSION.dll
0x00007fff47140000 - 0x00007fff47167000 	C:\WINDOWS\SYSTEM32\WINMM.dll
0x00007fff409b0000 - 0x00007fff409b9000 	C:\WINDOWS\SYSTEM32\WSOCK32.dll
0x00007fff6bef0000 - 0x00007fff6bf5b000 	C:\WINDOWS\System32\ws2_32.DLL
0x00007fff686f0000 - 0x00007fff68702000 	C:\WINDOWS\SYSTEM32\kernel.appcore.dll
0x00007fff54070000 - 0x00007fff5407a000 	C:\Program Files\JetBrains\PyCharm Community Edition 2022.3.2\jbr\bin\jimage.dll
0x00007fff67d30000 - 0x00007fff67f14000 	C:\WINDOWS\SYSTEM32\DBGHELP.DLL
0x00007fff51310000 - 0x00007fff51345000 	C:\WINDOWS\SYSTEM32\dbgcore.DLL
0x00007fff6a0e0000 - 0x00007fff6a162000 	C:\WINDOWS\System32\bcryptPrimitives.dll
0x00007fff3cf90000 - 0x00007fff3cfb5000 	C:\Program Files\JetBrains\PyCharm Community Edition 2022.3.2\jbr\bin\java.dll

dbghelp: loaded successfully - version: 4.0.5 - missing functions: none
symbol engine: initialized successfully - sym options: 0x614 - pdb path: .;C:\Program Files\JetBrains\PyCharm Community Edition 2022.3.2\jbr\bin;C:\WINDOWS\SYSTEM32;C:\WINDOWS\WinSxS\amd64_microsoft.windows.common-controls_6595b64144ccf1df_6.0.19041.1110_none_60b5254171f9507e;C:\Program Files\JetBrains\PyCharm Community Edition 2022.3.2\jbr\bin\server

VM Arguments:
java_command: git4idea.http.GitAskPassApp Username for 'https://github.com': 
java_class_path (initial): C:/Program Files/JetBrains/PyCharm Community Edition 2022.3.2/plugins/vcs-git/lib/git4idea-rt.jar;C:/Program Files/JetBrains/PyCharm Community Edition 2022.3.2/lib/externalProcess-rt.jar;C:/Program Files/JetBrains/PyCharm Community Edition 2022.3.2/lib/app.jar;C:/Program Files/JetBrains/PyCharm Community Edition 2022.3.2/lib/3rd-party-rt.jar
Launcher Type: SUN_STANDARD

[Global flags]
     intx CICompilerCount                          = 3                                         {product} {ergonomic}
     uint ConcGCThreads                            = 1                                         {product} {ergonomic}
     uint G1ConcRefinementThreads                  = 4                                         {product} {ergonomic}
   size_t G1HeapRegionSize                         = 1048576                                   {product} {ergonomic}
    uintx GCDrainStackTargetSize                   = 64                                        {product} {ergonomic}
   size_t InitialHeapSize                          = 134217728                                 {product} {ergonomic}
   size_t MarkStackSize                            = 4194304                                   {product} {ergonomic}
   size_t MaxHeapSize                              = 2116026368                                {product} {ergonomic}
   size_t MinHeapDeltaBytes                        = 1048576                                   {product} {ergonomic}
   size_t MinHeapSize                              = 8388608                                   {product} {ergonomic}
    uintx NonNMethodCodeHeapSize                   = 5832780                                {pd product} {ergonomic}
    uintx NonProfiledCodeHeapSize                  = 122912730                              {pd product} {ergonomic}
    uintx ProfiledCodeHeapSize                     = 122912730                              {pd product} {ergonomic}
    uintx ReservedCodeCacheSize                    = 251658240                              {pd product} {ergonomic}
     bool SegmentedCodeCache                       = true                                      {product} {ergonomic}
   size_t SoftMaxHeapSize                          = 2116026368                             {manageable} {ergonomic}
     bool UseCompressedClassPointers               = true                           {product lp64_product} {ergonomic}
     bool UseCompressedOops                        = true                           {product lp64_product} {ergonomic}
     bool UseG1GC                                  = true                                      {product} {ergonomic}
     bool UseLargePagesIndividualAllocation        = false                                  {pd product} {ergonomic}

Logging:
Log output configuration:
 #0: stdout all=warning uptime,level,tags
 #1: stderr all=off uptime,level,tags

Environment Variables:
JAVA_HOME=C:\Program Files\Eclipse Adoptium\jre-8.0.322.6-hotspot\
PATH=C:\Program Files\Git\mingw64\libexec\git-core;C:\Program Files\Git\mingw64\libexec\git-core;C:\Program Files\Git\mingw64\bin;C:\Program Files\Git\usr\bin;C:\Users\FingerWeg\bin;C:\Users\FingerWeg\PycharmProjects\pythonProject\venv\Scripts;C:\Program Files\Eclipse Adoptium\jre-17.0.2.8-hotspot\bin;C:\Program Files\Eclipse Adoptium\jre-8.0.322.6-hotspot\bin;C:\Program Files\Eclipse Adoptium\jre-11.0.14.9-hotspot\bin;C:\Program Files (x86)\Eclipse Adoptium\jre-8.0.312.7-hotspot\bin;C:\WINDOWS\system32;C:\WINDOWS;C:\WINDOWS\System32\Wbem;C:\WINDOWS\System32\WindowsPowerShell\v1.0;C:\WINDOWS\System32\OpenSSH;C:\Program Files (x86)\dotnet;C:\Program Files\dotnet;C:\Program Files (x86)\Intel\Intel(R) Management Engine Components\DAL;C:\Program Files\Intel\Intel(R) Management Engine Components\DAL;C:\Program Files\Git\cmd;C:\Users\FingerWeg\AppData\Local\Microsoft\WindowsApps
USERNAME=FingerWeg
DISPLAY=:0.0
LC_ALL=en_US.UTF-8
TERM=xterm-256color
TMPDIR=C:\Users\FINGER~1\AppData\Local\Temp
OS=Windows_NT
PROCESSOR_IDENTIFIER=Intel64 Family 6 Model 78 Stepping 3, GenuineIntel
TMP=C:\Users\FINGER~1\AppData\Local\Temp
TEMP=C:\Users\FINGER~1\AppData\Local\Temp



---------------  S Y S T E M  ---------------

OS:
 Windows 10 , 64 bit Build 19041 (10.0.19041.2364)
OS uptime: 3 days 6:49 hours

CPU: total 4 (initial active 4) (2 cores per cpu, 2 threads per core) family 6 model 78 stepping 3 microcode 0xf0, cx8, cmov, fxsr, ht, mmx, 3dnowpref, sse, sse2, sse3, ssse3, sse4.1, sse4.2, popcnt, lzcnt, tsc, tscinvbit, avx, avx2, aes, erms, clmul, bmi1, bmi2, adx, fma, vzeroupper, clflush, clflushopt

Memory: 4k page, system-wide physical 8071M (1840M free)
TotalPageFile size 10087M (AvailPageFile size 6M)
current process WorkingSet (physical memory assigned to process): 10M, peak: 10M
current process commit charge ("private bytes"): 180M, peak: 182M

vm_info: OpenJDK 64-Bit Server VM (17.0.5+1-b653.25) for windows-amd64 JRE (17.0.5+1-b653.25), built on 2023-01-04 by "builduser" with MS VC++ 16.10 / 16.11 (VS2019)

END.
