We have next logging message: 2023-03-10 19:28:28,950:INFO-Settled in the house
We have next logging message: 2023-03-10 19:28:28,950:INFO-Ohh my new cat is so cute
We have next logging message: 2023-03-10 19:28:28,950:INFO-I bought a carVolvo
We have next logging message: 2023-03-10 19:28:28,950:INFO-I don't have a job, I'm going to get a job C++ developer with salary 45
We have next logging message: 2023-03-10 19:28:28,950:INFO-=========== Today the 1 of Nick's life ===========
We have next logging message: 2023-03-10 19:28:28,951:INFO-                  Nick's indexes                  
We have next logging message: 2023-03-10 19:28:28,951:INFO-Money – 100
We have next logging message: 2023-03-10 19:28:28,951:INFO-Satiety – 50
We have next logging message: 2023-03-10 19:28:28,951:INFO-Gladness – 50
We have next logging message: 2023-03-10 19:28:28,951:INFO-Cat – Cat
We have next logging message: 2023-03-10 19:28:28,951:INFO-                   Home indexes                   
We have next logging message: 2023-03-10 19:28:28,951:INFO-Food – 0
We have next logging message: 2023-03-10 19:28:28,951:INFO-Mess – 0
We have next logging message: 2023-03-10 19:28:28,952:INFO-                Volvo car indexes                 
We have next logging message: 2023-03-10 19:28:28,952:INFO-Fuel – 62
We have next logging message: 2023-03-10 19:28:28,952:INFO-Strength – 149
We have next logging message: 2023-03-10 19:28:28,952:INFO-Start working
We have next logging message: 2023-03-10 19:28:28,952:INFO-=========== Today the 2 of Nick's life ===========
We have next logging message: 2023-03-10 19:28:28,952:INFO-                  Nick's indexes                  
We have next logging message: 2023-03-10 19:28:28,952:INFO-Money – 145
We have next logging message: 2023-03-10 19:28:28,952:INFO-Satiety – 46
We have next logging message: 2023-03-10 19:28:28,953:INFO-Gladness – 25
We have next logging message: 2023-03-10 19:28:28,953:INFO-Cat – Cat
We have next logging message: 2023-03-10 19:28:28,953:INFO-                   Home indexes                   
We have next logging message: 2023-03-10 19:28:28,953:INFO-Food – 0
We have next logging message: 2023-03-10 19:28:28,953:INFO-Mess – 0
We have next logging message: 2023-03-10 19:28:28,953:INFO-                Volvo car indexes                 
We have next logging message: 2023-03-10 19:28:28,953:INFO-Fuel – 54
We have next logging message: 2023-03-10 19:28:28,953:INFO-Strength – 148
We have next logging message: 2023-03-10 19:28:28,953:INFO-Cleaning time!
We have next logging message: 2023-03-10 19:28:28,953:INFO-=========== Today the 3 of Nick's life ===========
We have next logging message: 2023-03-10 19:28:28,954:INFO-                  Nick's indexes                  
We have next logging message: 2023-03-10 19:28:28,954:INFO-Money – 145
We have next logging message: 2023-03-10 19:28:28,954:INFO-Satiety – 46
We have next logging message: 2023-03-10 19:28:28,954:INFO-Gladness – 20
We have next logging message: 2023-03-10 19:28:28,954:INFO-Cat – Cat
We have next logging message: 2023-03-10 19:28:28,954:INFO-                   Home indexes                   
We have next logging message: 2023-03-10 19:28:28,955:INFO-Food – 0
We have next logging message: 2023-03-10 19:28:28,955:INFO-Mess – 0
We have next logging message: 2023-03-10 19:28:28,955:INFO-                Volvo car indexes                 
We have next logging message: 2023-03-10 19:28:28,955:INFO-Fuel – 54
We have next logging message: 2023-03-10 19:28:28,955:INFO-Strength – 148
We have next logging message: 2023-03-10 19:28:28,955:INFO-Cleaning time!
We have next logging message: 2023-03-10 19:28:28,955:INFO-=========== Today the 4 of Nick's life ===========
We have next logging message: 2023-03-10 19:28:28,955:INFO-                  Nick's indexes                  
We have next logging message: 2023-03-10 19:28:28,956:INFO-Money – 145
We have next logging message: 2023-03-10 19:28:28,956:INFO-Satiety – 46
We have next logging message: 2023-03-10 19:28:28,956:INFO-Gladness – 15
We have next logging message: 2023-03-10 19:28:28,956:INFO-Cat – Cat
We have next logging message: 2023-03-10 19:28:28,956:INFO-                   Home indexes                   
We have next logging message: 2023-03-10 19:28:28,956:INFO-Food – 0
We have next logging message: 2023-03-10 19:28:28,956:INFO-Mess – 0
We have next logging message: 2023-03-10 19:28:28,956:INFO-                Volvo car indexes                 
We have next logging message: 2023-03-10 19:28:28,956:INFO-Fuel – 54
We have next logging message: 2023-03-10 19:28:28,957:INFO-Strength – 148
We have next logging message: 2023-03-10 19:28:28,957:INFO-Let`s chill!
We have next logging message: 2023-03-10 19:28:28,957:INFO-=========== Today the 5 of Nick's life ===========
We have next logging message: 2023-03-10 19:28:28,957:INFO-                  Nick's indexes                  
We have next logging message: 2023-03-10 19:28:28,957:INFO-Money – 145
We have next logging message: 2023-03-10 19:28:28,957:INFO-Satiety – 46
We have next logging message: 2023-03-10 19:28:28,957:INFO-Gladness – 25
We have next logging message: 2023-03-10 19:28:28,957:INFO-Cat – Cat
We have next logging message: 2023-03-10 19:28:28,957:INFO-                   Home indexes                   
We have next logging message: 2023-03-10 19:28:28,957:INFO-Food – 0
We have next logging message: 2023-03-10 19:28:28,958:INFO-Mess – 5
We have next logging message: 2023-03-10 19:28:28,958:INFO-                Volvo car indexes                 
We have next logging message: 2023-03-10 19:28:28,958:INFO-Fuel – 54
We have next logging message: 2023-03-10 19:28:28,958:INFO-Strength – 148
We have next logging message: 2023-03-10 19:28:28,958:INFO-Let`s chill!
We have next logging message: 2023-03-10 19:28:28,958:INFO-=========== Today the 6 of Nick's life ===========
We have next logging message: 2023-03-10 19:28:28,958:INFO-                  Nick's indexes                  
We have next logging message: 2023-03-10 19:28:28,958:INFO-Money – 145
We have next logging message: 2023-03-10 19:28:28,958:INFO-Satiety – 46
We have next logging message: 2023-03-10 19:28:28,959:INFO-Gladness – 35
We have next logging message: 2023-03-10 19:28:28,959:INFO-Cat – Cat
We have next logging message: 2023-03-10 19:28:28,959:INFO-                   Home indexes                   
We have next logging message: 2023-03-10 19:28:28,959:INFO-Food – 0
We have next logging message: 2023-03-10 19:28:28,959:INFO-Mess – 10
We have next logging message: 2023-03-10 19:28:28,959:INFO-                Volvo car indexes                 
We have next logging message: 2023-03-10 19:28:28,959:INFO-Fuel – 54
We have next logging message: 2023-03-10 19:28:28,959:INFO-Strength – 148
We have next logging message: 2023-03-10 19:28:28,959:INFO-Let`s chill!
We have next logging message: 2023-03-10 19:28:28,959:INFO-=========== Today the 7 of Nick's life ===========
We have next logging message: 2023-03-10 19:28:28,960:INFO-                  Nick's indexes                  
We have next logging message: 2023-03-10 19:28:28,960:INFO-Money – 145
We have next logging message: 2023-03-10 19:28:28,960:INFO-Satiety – 46
We have next logging message: 2023-03-10 19:28:28,960:INFO-Gladness – 45
We have next logging message: 2023-03-10 19:28:28,960:INFO-Cat – Cat
We have next logging message: 2023-03-10 19:28:28,960:INFO-                   Home indexes                   
We have next logging message: 2023-03-10 19:28:28,960:INFO-Food – 0
We have next logging message: 2023-03-10 19:28:28,960:INFO-Mess – 15
We have next logging message: 2023-03-10 19:28:28,960:INFO-                Volvo car indexes                 
We have next logging message: 2023-03-10 19:28:28,960:INFO-Fuel – 54
We have next logging message: 2023-03-10 19:28:28,961:INFO-Strength – 148
We have next logging message: 2023-03-10 19:28:28,961:INFO-Cleaning time!
We have next logging message: 2023-03-10 19:28:28,961:INFO-=========== Today the 8 of Nick's life ===========
We have next logging message: 2023-03-10 19:28:28,961:INFO-                  Nick's indexes                  
We have next logging message: 2023-03-10 19:28:28,961:INFO-Money – 145
We have next logging message: 2023-03-10 19:28:28,961:INFO-Satiety – 46
We have next logging message: 2023-03-10 19:28:28,961:INFO-Gladness – 40
We have next logging message: 2023-03-10 19:28:28,961:INFO-Cat – Cat
We have next logging message: 2023-03-10 19:28:28,961:INFO-                   Home indexes                   
We have next logging message: 2023-03-10 19:28:28,961:INFO-Food – 0
We have next logging message: 2023-03-10 19:28:28,962:INFO-Mess – 0
We have next logging message: 2023-03-10 19:28:28,962:INFO-                Volvo car indexes                 
We have next logging message: 2023-03-10 19:28:28,962:INFO-Fuel – 54
We have next logging message: 2023-03-10 19:28:28,962:INFO-Strength – 148
We have next logging message: 2023-03-10 19:28:28,962:INFO-Cleaning time!
We have next logging message: 2023-03-10 19:28:28,962:INFO-=========== Today the 9 of Nick's life ===========
We have next logging message: 2023-03-10 19:28:28,962:INFO-                  Nick's indexes                  
We have next logging message: 2023-03-10 19:28:28,962:INFO-Money – 145
We have next logging message: 2023-03-10 19:28:28,962:INFO-Satiety – 46
We have next logging message: 2023-03-10 19:28:28,962:INFO-Gladness – 35
We have next logging message: 2023-03-10 19:28:28,963:INFO-Cat – Cat
We have next logging message: 2023-03-10 19:28:28,963:INFO-                   Home indexes                   
We have next logging message: 2023-03-10 19:28:28,963:INFO-Food – 0
We have next logging message: 2023-03-10 19:28:28,963:INFO-Mess – 0
We have next logging message: 2023-03-10 19:28:28,963:INFO-                Volvo car indexes                 
We have next logging message: 2023-03-10 19:28:28,963:INFO-Fuel – 54
We have next logging message: 2023-03-10 19:28:28,963:INFO-Strength – 148
We have next logging message: 2023-03-10 19:28:28,963:INFO-Start working
We have next logging message: 2023-03-10 19:28:28,963:INFO-========== Today the 10 of Nick's life ===========
We have next logging message: 2023-03-10 19:28:28,963:INFO-                  Nick's indexes                  
We have next logging message: 2023-03-10 19:28:28,963:INFO-Money – 190
We have next logging message: 2023-03-10 19:28:28,963:INFO-Satiety – 42
We have next logging message: 2023-03-10 19:28:28,963:INFO-Gladness – 10
We have next logging message: 2023-03-10 19:28:28,963:INFO-Cat – Cat
We have next logging message: 2023-03-10 19:28:28,964:INFO-                   Home indexes                   
We have next logging message: 2023-03-10 19:28:28,964:INFO-Food – 0
We have next logging message: 2023-03-10 19:28:28,964:INFO-Mess – 0
We have next logging message: 2023-03-10 19:28:28,964:INFO-                Volvo car indexes                 
We have next logging message: 2023-03-10 19:28:28,964:INFO-Fuel – 46
We have next logging message: 2023-03-10 19:28:28,964:INFO-Strength – 147
We have next logging message: 2023-03-10 19:28:28,964:INFO-Let`s chill!
We have next logging message: 2023-03-10 19:28:28,964:INFO-========== Today the 11 of Nick's life ===========
We have next logging message: 2023-03-10 19:28:28,964:INFO-                  Nick's indexes                  
We have next logging message: 2023-03-10 19:28:28,964:INFO-Money – 190
We have next logging message: 2023-03-10 19:28:28,964:INFO-Satiety – 42
We have next logging message: 2023-03-10 19:28:28,964:INFO-Gladness – 20
We have next logging message: 2023-03-10 19:28:28,964:INFO-Cat – Cat
We have next logging message: 2023-03-10 19:28:28,964:INFO-                   Home indexes                   
We have next logging message: 2023-03-10 19:28:28,965:INFO-Food – 0
We have next logging message: 2023-03-10 19:28:28,965:INFO-Mess – 5
We have next logging message: 2023-03-10 19:28:28,965:INFO-                Volvo car indexes                 
We have next logging message: 2023-03-10 19:28:28,965:INFO-Fuel – 46
We have next logging message: 2023-03-10 19:28:28,965:INFO-Strength – 147
We have next logging message: 2023-03-10 19:28:28,965:INFO-Let`s chill!
We have next logging message: 2023-03-10 19:28:28,965:INFO-========== Today the 12 of Nick's life ===========
We have next logging message: 2023-03-10 19:28:28,965:INFO-                  Nick's indexes                  
We have next logging message: 2023-03-10 19:28:28,965:INFO-Money – 190
We have next logging message: 2023-03-10 19:28:28,965:INFO-Satiety – 42
We have next logging message: 2023-03-10 19:28:28,965:INFO-Gladness – 30
We have next logging message: 2023-03-10 19:28:28,965:INFO-Cat – Cat
We have next logging message: 2023-03-10 19:28:28,965:INFO-                   Home indexes                   
We have next logging message: 2023-03-10 19:28:28,983:INFO-Food – 0
We have next logging message: 2023-03-10 19:28:28,983:INFO-Mess – 10
We have next logging message: 2023-03-10 19:28:28,983:INFO-                Volvo car indexes                 
We have next logging message: 2023-03-10 19:28:28,983:INFO-Fuel – 46
We have next logging message: 2023-03-10 19:28:28,984:INFO-Strength – 147
We have next logging message: 2023-03-10 19:28:28,984:INFO-Cleaning time!
We have next logging message: 2023-03-10 19:28:28,984:INFO-========== Today the 13 of Nick's life ===========
We have next logging message: 2023-03-10 19:28:28,984:INFO-                  Nick's indexes                  
We have next logging message: 2023-03-10 19:28:28,984:INFO-Money – 190
We have next logging message: 2023-03-10 19:28:28,984:INFO-Satiety – 42
We have next logging message: 2023-03-10 19:28:28,984:INFO-Gladness – 25
We have next logging message: 2023-03-10 19:28:28,984:INFO-Cat – Cat
We have next logging message: 2023-03-10 19:28:28,984:INFO-                   Home indexes                   
We have next logging message: 2023-03-10 19:28:28,985:INFO-Food – 0
We have next logging message: 2023-03-10 19:28:28,985:INFO-Mess – 0
We have next logging message: 2023-03-10 19:28:28,985:INFO-                Volvo car indexes                 
We have next logging message: 2023-03-10 19:28:28,985:INFO-Fuel – 46
We have next logging message: 2023-03-10 19:28:28,985:INFO-Strength – 147
We have next logging message: 2023-03-10 19:28:28,985:INFO-Start working
We have next logging message: 2023-03-10 19:28:28,985:INFO-========== Today the 14 of Nick's life ===========
We have next logging message: 2023-03-10 19:28:28,985:INFO-                  Nick's indexes                  
We have next logging message: 2023-03-10 19:28:28,986:INFO-Money – 235
We have next logging message: 2023-03-10 19:28:28,986:INFO-Satiety – 38
We have next logging message: 2023-03-10 19:28:28,986:INFO-Gladness – 0
We have next logging message: 2023-03-10 19:28:28,986:INFO-Cat – Cat
We have next logging message: 2023-03-10 19:28:28,986:INFO-                   Home indexes                   
We have next logging message: 2023-03-10 19:28:28,986:INFO-Food – 0
We have next logging message: 2023-03-10 19:28:28,986:INFO-Mess – 0
We have next logging message: 2023-03-10 19:28:28,986:INFO-                Volvo car indexes                 
We have next logging message: 2023-03-10 19:28:28,986:INFO-Fuel – 38
We have next logging message: 2023-03-10 19:28:28,987:INFO-Strength – 146
We have next logging message: 2023-03-10 19:28:28,987:INFO-Let`s chill!
We have next logging message: 2023-03-10 19:28:28,987:INFO-========== Today the 15 of Nick's life ===========
We have next logging message: 2023-03-10 19:28:28,987:INFO-                  Nick's indexes                  
We have next logging message: 2023-03-10 19:28:28,987:INFO-Money – 235
We have next logging message: 2023-03-10 19:28:28,987:INFO-Satiety – 38
We have next logging message: 2023-03-10 19:28:28,987:INFO-Gladness – 10
We have next logging message: 2023-03-10 19:28:28,988:INFO-Cat – Cat
We have next logging message: 2023-03-10 19:28:28,988:INFO-                   Home indexes                   
We have next logging message: 2023-03-10 19:28:28,988:INFO-Food – 0
We have next logging message: 2023-03-10 19:28:28,988:INFO-Mess – 5
We have next logging message: 2023-03-10 19:28:28,988:INFO-                Volvo car indexes                 
We have next logging message: 2023-03-10 19:28:28,988:INFO-Fuel – 38
We have next logging message: 2023-03-10 19:28:28,989:INFO-Strength – 146
We have next logging message: 2023-03-10 19:28:28,989:INFO-Let`s chill!
We have next logging message: 2023-03-10 19:28:28,989:INFO-========== Today the 16 of Nick's life ===========
We have next logging message: 2023-03-10 19:28:28,989:INFO-                  Nick's indexes                  
We have next logging message: 2023-03-10 19:28:28,989:INFO-Money – 235
We have next logging message: 2023-03-10 19:28:28,989:INFO-Satiety – 38
We have next logging message: 2023-03-10 19:28:28,989:INFO-Gladness – 20
We have next logging message: 2023-03-10 19:28:28,990:INFO-Cat – Cat
We have next logging message: 2023-03-10 19:28:28,990:INFO-                   Home indexes                   
We have next logging message: 2023-03-10 19:28:28,990:INFO-Food – 0
We have next logging message: 2023-03-10 19:28:28,990:INFO-Mess – 10
We have next logging message: 2023-03-10 19:28:28,990:INFO-                Volvo car indexes                 
We have next logging message: 2023-03-10 19:28:28,990:INFO-Fuel – 38
We have next logging message: 2023-03-10 19:28:28,990:INFO-Strength – 146
We have next logging message: 2023-03-10 19:28:28,990:INFO-Time for treats!
We have next logging message: 2023-03-10 19:28:28,991:INFO-Hooray! Delicious!
We have next logging message: 2023-03-10 19:28:28,991:INFO-========== Today the 17 of Nick's life ===========
We have next logging message: 2023-03-10 19:28:28,991:INFO-                  Nick's indexes                  
We have next logging message: 2023-03-10 19:28:28,991:INFO-Money – 220
We have next logging message: 2023-03-10 19:28:28,991:INFO-Satiety – 40
We have next logging message: 2023-03-10 19:28:28,991:INFO-Gladness – 30
We have next logging message: 2023-03-10 19:28:28,991:INFO-Cat – Cat
We have next logging message: 2023-03-10 19:28:28,991:INFO-                   Home indexes                   
We have next logging message: 2023-03-10 19:28:28,991:INFO-Food – 0
We have next logging message: 2023-03-10 19:28:28,992:INFO-Mess – 10
We have next logging message: 2023-03-10 19:28:28,992:INFO-                Volvo car indexes                 
We have next logging message: 2023-03-10 19:28:28,992:INFO-Fuel – 30
We have next logging message: 2023-03-10 19:28:28,992:INFO-Strength – 145
We have next logging message: 2023-03-10 19:28:28,992:INFO-Start working
We have next logging message: 2023-03-10 19:28:28,992:INFO-========== Today the 18 of Nick's life ===========
We have next logging message: 2023-03-10 19:28:28,992:INFO-                  Nick's indexes                  
We have next logging message: 2023-03-10 19:28:28,993:INFO-Money – 265
We have next logging message: 2023-03-10 19:28:28,993:INFO-Satiety – 36
We have next logging message: 2023-03-10 19:28:28,993:INFO-Gladness – 5
We have next logging message: 2023-03-10 19:28:28,993:INFO-Cat – Cat
We have next logging message: 2023-03-10 19:28:28,993:INFO-                   Home indexes                   
We have next logging message: 2023-03-10 19:28:28,993:INFO-Food – 0
We have next logging message: 2023-03-10 19:28:28,993:INFO-Mess – 10
We have next logging message: 2023-03-10 19:28:28,993:INFO-                Volvo car indexes                 
We have next logging message: 2023-03-10 19:28:28,993:INFO-Fuel – 22
We have next logging message: 2023-03-10 19:28:28,993:INFO-Strength – 144
We have next logging message: 2023-03-10 19:28:28,994:INFO-Let`s chill!
We have next logging message: 2023-03-10 19:28:28,994:INFO-========== Today the 19 of Nick's life ===========
We have next logging message: 2023-03-10 19:28:28,994:INFO-                  Nick's indexes                  
We have next logging message: 2023-03-10 19:28:28,994:INFO-Money – 265
We have next logging message: 2023-03-10 19:28:28,994:INFO-Satiety – 36
We have next logging message: 2023-03-10 19:28:28,994:INFO-Gladness – 15
We have next logging message: 2023-03-10 19:28:28,994:INFO-Cat – Cat
We have next logging message: 2023-03-10 19:28:28,994:INFO-                   Home indexes                   
We have next logging message: 2023-03-10 19:28:28,994:INFO-Food – 0
We have next logging message: 2023-03-10 19:28:28,994:INFO-Mess – 15
We have next logging message: 2023-03-10 19:28:28,995:INFO-                Volvo car indexes                 
We have next logging message: 2023-03-10 19:28:28,995:INFO-Fuel – 22
We have next logging message: 2023-03-10 19:28:28,995:INFO-Strength – 144
We have next logging message: 2023-03-10 19:28:28,995:INFO-Let`s chill!
We have next logging message: 2023-03-10 19:28:28,995:INFO-========== Today the 20 of Nick's life ===========
We have next logging message: 2023-03-10 19:28:28,995:INFO-                  Nick's indexes                  
We have next logging message: 2023-03-10 19:28:28,995:INFO-Money – 265
We have next logging message: 2023-03-10 19:28:28,995:INFO-Satiety – 36
We have next logging message: 2023-03-10 19:28:28,996:INFO-Gladness – 25
We have next logging message: 2023-03-10 19:28:28,996:INFO-Cat – Cat
We have next logging message: 2023-03-10 19:28:28,996:INFO-                   Home indexes                   
We have next logging message: 2023-03-10 19:28:28,996:INFO-Food – 0
We have next logging message: 2023-03-10 19:28:28,996:INFO-Mess – 20
We have next logging message: 2023-03-10 19:28:28,996:INFO-                Volvo car indexes                 
We have next logging message: 2023-03-10 19:28:28,996:INFO-Fuel – 22
We have next logging message: 2023-03-10 19:28:28,996:INFO-Strength – 144
We have next logging message: 2023-03-10 19:28:28,996:INFO-Cleaning time!
We have next logging message: 2023-03-10 19:28:28,996:INFO-========== Today the 21 of Nick's life ===========
We have next logging message: 2023-03-10 19:28:28,997:INFO-                  Nick's indexes                  
We have next logging message: 2023-03-10 19:28:28,997:INFO-Money – 265
We have next logging message: 2023-03-10 19:28:28,997:INFO-Satiety – 36
We have next logging message: 2023-03-10 19:28:28,997:INFO-Gladness – 20
We have next logging message: 2023-03-10 19:28:28,997:INFO-Cat – Cat
We have next logging message: 2023-03-10 19:28:28,997:INFO-                   Home indexes                   
We have next logging message: 2023-03-10 19:28:28,998:INFO-Food – 0
We have next logging message: 2023-03-10 19:28:28,998:INFO-Mess – 0
We have next logging message: 2023-03-10 19:28:28,998:INFO-                Volvo car indexes                 
We have next logging message: 2023-03-10 19:28:28,998:INFO-Fuel – 22
We have next logging message: 2023-03-10 19:28:28,998:INFO-Strength – 144
We have next logging message: 2023-03-10 19:28:28,998:INFO-Time for treats!
We have next logging message: 2023-03-10 19:28:28,998:INFO-Hooray! Delicious!
We have next logging message: 2023-03-10 19:28:28,999:INFO-========== Today the 22 of Nick's life ===========
We have next logging message: 2023-03-10 19:28:28,999:INFO-                  Nick's indexes                  
We have next logging message: 2023-03-10 19:28:28,999:INFO-Money – 250
We have next logging message: 2023-03-10 19:28:28,999:INFO-Satiety – 38
We have next logging message: 2023-03-10 19:28:28,999:INFO-Gladness – 30
We have next logging message: 2023-03-10 19:28:28,999:INFO-Cat – Cat
We have next logging message: 2023-03-10 19:28:28,999:INFO-                   Home indexes                   
We have next logging message: 2023-03-10 19:28:28,999:INFO-Food – 0
We have next logging message: 2023-03-10 19:28:29,000:INFO-Mess – 0
We have next logging message: 2023-03-10 19:28:29,000:INFO-                Volvo car indexes                 
We have next logging message: 2023-03-10 19:28:29,000:INFO-Fuel – 14
We have next logging message: 2023-03-10 19:28:29,000:INFO-Strength – 143
We have next logging message: 2023-03-10 19:28:29,000:INFO-Start working
We have next logging message: 2023-03-10 19:28:29,000:INFO-========== Today the 23 of Nick's life ===========
We have next logging message: 2023-03-10 19:28:29,000:INFO-                  Nick's indexes                  
We have next logging message: 2023-03-10 19:28:29,001:INFO-Money – 295
We have next logging message: 2023-03-10 19:28:29,001:INFO-Satiety – 34
We have next logging message: 2023-03-10 19:28:29,001:INFO-Gladness – 5
We have next logging message: 2023-03-10 19:28:29,001:INFO-Cat – Cat
We have next logging message: 2023-03-10 19:28:29,001:INFO-                   Home indexes                   
We have next logging message: 2023-03-10 19:28:29,001:INFO-Food – 0
We have next logging message: 2023-03-10 19:28:29,002:INFO-Mess – 0
We have next logging message: 2023-03-10 19:28:29,002:INFO-                Volvo car indexes                 
We have next logging message: 2023-03-10 19:28:29,002:INFO-Fuel – 6
We have next logging message: 2023-03-10 19:28:29,002:INFO-Strength – 142
We have next logging message: 2023-03-10 19:28:29,002:INFO-Let`s chill!
We have next logging message: 2023-03-10 19:28:29,002:INFO-========== Today the 24 of Nick's life ===========
We have next logging message: 2023-03-10 19:28:29,002:INFO-                  Nick's indexes                  
We have next logging message: 2023-03-10 19:28:29,002:INFO-Money – 295
We have next logging message: 2023-03-10 19:28:29,002:INFO-Satiety – 34
We have next logging message: 2023-03-10 19:28:29,002:INFO-Gladness – 15
We have next logging message: 2023-03-10 19:28:29,002:INFO-Cat – Cat
We have next logging message: 2023-03-10 19:28:29,003:INFO-                   Home indexes                   
We have next logging message: 2023-03-10 19:28:29,003:INFO-Food – 0
We have next logging message: 2023-03-10 19:28:29,003:INFO-Mess – 5
We have next logging message: 2023-03-10 19:28:29,003:INFO-                Volvo car indexes                 
We have next logging message: 2023-03-10 19:28:29,003:INFO-Fuel – 6
We have next logging message: 2023-03-10 19:28:29,003:INFO-Strength – 142
We have next logging message: 2023-03-10 19:28:29,003:INFO-Let`s chill!
We have next logging message: 2023-03-10 19:28:29,004:INFO-========== Today the 25 of Nick's life ===========
We have next logging message: 2023-03-10 19:28:29,004:INFO-                  Nick's indexes                  
We have next logging message: 2023-03-10 19:28:29,004:INFO-Money – 295
We have next logging message: 2023-03-10 19:28:29,004:INFO-Satiety – 34
We have next logging message: 2023-03-10 19:28:29,004:INFO-Gladness – 25
We have next logging message: 2023-03-10 19:28:29,004:INFO-Cat – Cat
We have next logging message: 2023-03-10 19:28:29,004:INFO-                   Home indexes                   
We have next logging message: 2023-03-10 19:28:29,005:INFO-Food – 0
We have next logging message: 2023-03-10 19:28:29,005:INFO-Mess – 10
We have next logging message: 2023-03-10 19:28:29,005:INFO-                Volvo car indexes                 
We have next logging message: 2023-03-10 19:28:29,005:INFO-Fuel – 6
We have next logging message: 2023-03-10 19:28:29,005:INFO-Strength – 142
We have next logging message: 2023-03-10 19:28:29,005:INFO-Cleaning time!
We have next logging message: 2023-03-10 19:28:29,005:INFO-========== Today the 26 of Nick's life ===========
We have next logging message: 2023-03-10 19:28:29,006:INFO-                  Nick's indexes                  
We have next logging message: 2023-03-10 19:28:29,006:INFO-Money – 295
We have next logging message: 2023-03-10 19:28:29,006:INFO-Satiety – 34
We have next logging message: 2023-03-10 19:28:29,006:INFO-Gladness – 20
We have next logging message: 2023-03-10 19:28:29,006:INFO-Cat – Cat
We have next logging message: 2023-03-10 19:28:29,007:INFO-                   Home indexes                   
We have next logging message: 2023-03-10 19:28:29,007:INFO-Food – 0
We have next logging message: 2023-03-10 19:28:29,007:INFO-Mess – 0
We have next logging message: 2023-03-10 19:28:29,007:INFO-                Volvo car indexes                 
We have next logging message: 2023-03-10 19:28:29,007:INFO-Fuel – 6
We have next logging message: 2023-03-10 19:28:29,007:INFO-Strength – 142
We have next logging message: 2023-03-10 19:28:29,007:INFO-Let`s chill!
We have next logging message: 2023-03-10 19:28:29,007:INFO-========== Today the 27 of Nick's life ===========
We have next logging message: 2023-03-10 19:28:29,007:INFO-                  Nick's indexes                  
We have next logging message: 2023-03-10 19:28:29,008:INFO-Money – 295
We have next logging message: 2023-03-10 19:28:29,008:INFO-Satiety – 34
We have next logging message: 2023-03-10 19:28:29,008:INFO-Gladness – 30
We have next logging message: 2023-03-10 19:28:29,008:INFO-Cat – Cat
We have next logging message: 2023-03-10 19:28:29,008:INFO-                   Home indexes                   
We have next logging message: 2023-03-10 19:28:29,008:INFO-Food – 0
We have next logging message: 2023-03-10 19:28:29,008:INFO-Mess – 5
We have next logging message: 2023-03-10 19:28:29,008:INFO-                Volvo car indexes                 
We have next logging message: 2023-03-10 19:28:29,008:INFO-Fuel – 6
We have next logging message: 2023-03-10 19:28:29,009:INFO-Strength – 142
We have next logging message: 2023-03-10 19:28:29,009:INFO-Cleaning time!
We have next logging message: 2023-03-10 19:28:29,009:INFO-========== Today the 28 of Nick's life ===========
We have next logging message: 2023-03-10 19:28:29,009:INFO-                  Nick's indexes                  
We have next logging message: 2023-03-10 19:28:29,009:INFO-Money – 295
We have next logging message: 2023-03-10 19:28:29,009:INFO-Satiety – 34
We have next logging message: 2023-03-10 19:28:29,009:INFO-Gladness – 25
We have next logging message: 2023-03-10 19:28:29,009:INFO-Cat – Cat
We have next logging message: 2023-03-10 19:28:29,010:INFO-                   Home indexes                   
We have next logging message: 2023-03-10 19:28:29,010:INFO-Food – 0
We have next logging message: 2023-03-10 19:28:29,010:INFO-Mess – 0
We have next logging message: 2023-03-10 19:28:29,010:INFO-                Volvo car indexes                 
We have next logging message: 2023-03-10 19:28:29,010:INFO-Fuel – 6
We have next logging message: 2023-03-10 19:28:29,010:INFO-Strength – 142
We have next logging message: 2023-03-10 19:28:29,010:INFO-Start working
We have next logging message: 2023-03-10 19:28:29,010:INFO-The car cannot move
We have next logging message: 2023-03-10 19:28:29,010:INFO-The car cannot move
We have next logging message: 2023-03-10 19:28:29,011:INFO-I bought fuel
We have next logging message: 2023-03-10 19:28:29,011:INFO-========== Today the 29 of Nick's life ===========
We have next logging message: 2023-03-10 19:28:29,011:INFO-                  Nick's indexes                  
We have next logging message: 2023-03-10 19:28:29,011:INFO-Money – 195
We have next logging message: 2023-03-10 19:28:29,011:INFO-Satiety – 34
We have next logging message: 2023-03-10 19:28:29,011:INFO-Gladness – 25
We have next logging message: 2023-03-10 19:28:29,011:INFO-Cat – Cat
We have next logging message: 2023-03-10 19:28:29,011:INFO-                   Home indexes                   
We have next logging message: 2023-03-10 19:28:29,011:INFO-Food – 0
We have next logging message: 2023-03-10 19:28:29,012:INFO-Mess – 0
We have next logging message: 2023-03-10 19:28:29,012:INFO-                Volvo car indexes                 
We have next logging message: 2023-03-10 19:28:29,012:INFO-Fuel – 106
We have next logging message: 2023-03-10 19:28:29,012:INFO-Strength – 142
We have next logging message: 2023-03-10 19:28:29,012:INFO-Let`s chill!
We have next logging message: 2023-03-10 19:28:29,012:INFO-========== Today the 30 of Nick's life ===========
We have next logging message: 2023-03-10 19:28:29,012:INFO-                  Nick's indexes                  
We have next logging message: 2023-03-10 19:28:29,012:INFO-Money – 195
We have next logging message: 2023-03-10 19:28:29,012:INFO-Satiety – 34
We have next logging message: 2023-03-10 19:28:29,013:INFO-Gladness – 35
We have next logging message: 2023-03-10 19:28:29,013:INFO-Cat – Cat
We have next logging message: 2023-03-10 19:28:29,013:INFO-                   Home indexes                   
We have next logging message: 2023-03-10 19:28:29,013:INFO-Food – 0
We have next logging message: 2023-03-10 19:28:29,013:INFO-Mess – 5
We have next logging message: 2023-03-10 19:28:29,013:INFO-                Volvo car indexes                 
We have next logging message: 2023-03-10 19:28:29,013:INFO-Fuel – 106
We have next logging message: 2023-03-10 19:28:29,013:INFO-Strength – 142
We have next logging message: 2023-03-10 19:28:29,014:INFO-Start working
We have next logging message: 2023-03-10 19:28:29,015:INFO-========== Today the 31 of Nick's life ===========
We have next logging message: 2023-03-10 19:28:29,015:INFO-                  Nick's indexes                  
We have next logging message: 2023-03-10 19:28:29,015:INFO-Money – 240
We have next logging message: 2023-03-10 19:28:29,015:INFO-Satiety – 30
We have next logging message: 2023-03-10 19:28:29,015:INFO-Gladness – 10
We have next logging message: 2023-03-10 19:28:29,015:INFO-Cat – Cat
We have next logging message: 2023-03-10 19:28:29,015:INFO-                   Home indexes                   
We have next logging message: 2023-03-10 19:28:29,015:INFO-Food – 0
We have next logging message: 2023-03-10 19:28:29,016:INFO-Mess – 5
We have next logging message: 2023-03-10 19:28:29,016:INFO-                Volvo car indexes                 
We have next logging message: 2023-03-10 19:28:29,017:INFO-Fuel – 98
We have next logging message: 2023-03-10 19:28:29,017:INFO-Strength – 141
We have next logging message: 2023-03-10 19:28:29,017:INFO-Let`s chill!
We have next logging message: 2023-03-10 19:28:29,017:INFO-========== Today the 32 of Nick's life ===========
We have next logging message: 2023-03-10 19:28:29,017:INFO-                  Nick's indexes                  
We have next logging message: 2023-03-10 19:28:29,017:INFO-Money – 240
We have next logging message: 2023-03-10 19:28:29,017:INFO-Satiety – 30
We have next logging message: 2023-03-10 19:28:29,017:INFO-Gladness – 20
We have next logging message: 2023-03-10 19:28:29,018:INFO-Cat – Cat
We have next logging message: 2023-03-10 19:28:29,018:INFO-                   Home indexes                   
We have next logging message: 2023-03-10 19:28:29,018:INFO-Food – 0
We have next logging message: 2023-03-10 19:28:29,018:INFO-Mess – 10
We have next logging message: 2023-03-10 19:28:29,018:INFO-                Volvo car indexes                 
We have next logging message: 2023-03-10 19:28:29,019:INFO-Fuel – 98
We have next logging message: 2023-03-10 19:28:29,019:INFO-Strength – 141
We have next logging message: 2023-03-10 19:28:29,019:INFO-Time for treats!
We have next logging message: 2023-03-10 19:28:29,019:INFO-Hooray! Delicious!
We have next logging message: 2023-03-10 19:28:29,019:INFO-========== Today the 33 of Nick's life ===========
We have next logging message: 2023-03-10 19:28:29,019:INFO-                  Nick's indexes                  
We have next logging message: 2023-03-10 19:28:29,019:INFO-Money – 225
We have next logging message: 2023-03-10 19:28:29,019:INFO-Satiety – 32
We have next logging message: 2023-03-10 19:28:29,020:INFO-Gladness – 30
We have next logging message: 2023-03-10 19:28:29,020:INFO-Cat – Cat
We have next logging message: 2023-03-10 19:28:29,020:INFO-                   Home indexes                   
We have next logging message: 2023-03-10 19:28:29,021:INFO-Food – 0
We have next logging message: 2023-03-10 19:28:29,021:INFO-Mess – 10
We have next logging message: 2023-03-10 19:28:29,021:INFO-                Volvo car indexes                 
We have next logging message: 2023-03-10 19:28:29,021:INFO-Fuel – 90
We have next logging message: 2023-03-10 19:28:29,021:INFO-Strength – 140
We have next logging message: 2023-03-10 19:28:29,021:INFO-Cleaning time!
We have next logging message: 2023-03-10 19:28:29,021:INFO-========== Today the 34 of Nick's life ===========
We have next logging message: 2023-03-10 19:28:29,021:INFO-                  Nick's indexes                  
We have next logging message: 2023-03-10 19:28:29,021:INFO-Money – 225
We have next logging message: 2023-03-10 19:28:29,021:INFO-Satiety – 32
We have next logging message: 2023-03-10 19:28:29,021:INFO-Gladness – 25
We have next logging message: 2023-03-10 19:28:29,021:INFO-Cat – Cat
We have next logging message: 2023-03-10 19:28:29,021:INFO-                   Home indexes                   
We have next logging message: 2023-03-10 19:28:29,021:INFO-Food – 0
We have next logging message: 2023-03-10 19:28:29,022:INFO-Mess – 0
We have next logging message: 2023-03-10 19:28:29,025:INFO-                Volvo car indexes                 
We have next logging message: 2023-03-10 19:28:29,025:INFO-Fuel – 90
We have next logging message: 2023-03-10 19:28:29,025:INFO-Strength – 140
We have next logging message: 2023-03-10 19:28:29,025:INFO-Cleaning time!
We have next logging message: 2023-03-10 19:28:29,025:INFO-========== Today the 35 of Nick's life ===========
We have next logging message: 2023-03-10 19:28:29,025:INFO-                  Nick's indexes                  
We have next logging message: 2023-03-10 19:28:29,025:INFO-Money – 225
We have next logging message: 2023-03-10 19:28:29,026:INFO-Satiety – 32
We have next logging message: 2023-03-10 19:28:29,026:INFO-Gladness – 20
We have next logging message: 2023-03-10 19:28:29,026:INFO-Cat – Cat
We have next logging message: 2023-03-10 19:28:29,026:INFO-                   Home indexes                   
We have next logging message: 2023-03-10 19:28:29,026:INFO-Food – 0
We have next logging message: 2023-03-10 19:28:29,027:INFO-Mess – 0
We have next logging message: 2023-03-10 19:28:29,027:INFO-                Volvo car indexes                 
We have next logging message: 2023-03-10 19:28:29,027:INFO-Fuel – 90
We have next logging message: 2023-03-10 19:28:29,027:INFO-Strength – 140
We have next logging message: 2023-03-10 19:28:29,027:INFO-Cleaning time!
We have next logging message: 2023-03-10 19:28:29,027:INFO-========== Today the 36 of Nick's life ===========
We have next logging message: 2023-03-10 19:28:29,027:INFO-                  Nick's indexes                  
We have next logging message: 2023-03-10 19:28:29,027:INFO-Money – 225
We have next logging message: 2023-03-10 19:28:29,028:INFO-Satiety – 32
We have next logging message: 2023-03-10 19:28:29,028:INFO-Gladness – 15
We have next logging message: 2023-03-10 19:28:29,028:INFO-Cat – Cat
We have next logging message: 2023-03-10 19:28:29,028:INFO-                   Home indexes                   
We have next logging message: 2023-03-10 19:28:29,029:INFO-Food – 0
We have next logging message: 2023-03-10 19:28:29,029:INFO-Mess – 0
We have next logging message: 2023-03-10 19:28:29,029:INFO-                Volvo car indexes                 
We have next logging message: 2023-03-10 19:28:29,029:INFO-Fuel – 90
We have next logging message: 2023-03-10 19:28:29,029:INFO-Strength – 140
We have next logging message: 2023-03-10 19:28:29,029:INFO-Let`s chill!
We have next logging message: 2023-03-10 19:28:29,029:INFO-========== Today the 37 of Nick's life ===========
We have next logging message: 2023-03-10 19:28:29,030:INFO-                  Nick's indexes                  
We have next logging message: 2023-03-10 19:28:29,030:INFO-Money – 225
We have next logging message: 2023-03-10 19:28:29,030:INFO-Satiety – 32
We have next logging message: 2023-03-10 19:28:29,030:INFO-Gladness – 25
We have next logging message: 2023-03-10 19:28:29,030:INFO-Cat – Cat
We have next logging message: 2023-03-10 19:28:29,030:INFO-                   Home indexes                   
We have next logging message: 2023-03-10 19:28:29,030:INFO-Food – 0
We have next logging message: 2023-03-10 19:28:29,030:INFO-Mess – 5
We have next logging message: 2023-03-10 19:28:29,031:INFO-                Volvo car indexes                 
We have next logging message: 2023-03-10 19:28:29,031:INFO-Fuel – 90
We have next logging message: 2023-03-10 19:28:29,031:INFO-Strength – 140
We have next logging message: 2023-03-10 19:28:29,031:INFO-Time for treats!
We have next logging message: 2023-03-10 19:28:29,031:INFO-Hooray! Delicious!
We have next logging message: 2023-03-10 19:28:29,031:INFO-========== Today the 38 of Nick's life ===========
We have next logging message: 2023-03-10 19:28:29,031:INFO-                  Nick's indexes                  
We have next logging message: 2023-03-10 19:28:29,032:INFO-Money – 210
We have next logging message: 2023-03-10 19:28:29,032:INFO-Satiety – 34
We have next logging message: 2023-03-10 19:28:29,032:INFO-Gladness – 35
We have next logging message: 2023-03-10 19:28:29,032:INFO-Cat – Cat
We have next logging message: 2023-03-10 19:28:29,033:INFO-                   Home indexes                   
We have next logging message: 2023-03-10 19:28:29,033:INFO-Food – 0
We have next logging message: 2023-03-10 19:28:29,033:INFO-Mess – 5
We have next logging message: 2023-03-10 19:28:29,033:INFO-                Volvo car indexes                 
We have next logging message: 2023-03-10 19:28:29,033:INFO-Fuel – 82
We have next logging message: 2023-03-10 19:28:29,033:INFO-Strength – 139
We have next logging message: 2023-03-10 19:28:29,033:INFO-Let`s chill!
We have next logging message: 2023-03-10 19:28:29,034:INFO-========== Today the 39 of Nick's life ===========
We have next logging message: 2023-03-10 19:28:29,034:INFO-                  Nick's indexes                  
We have next logging message: 2023-03-10 19:28:29,034:INFO-Money – 210
We have next logging message: 2023-03-10 19:28:29,034:INFO-Satiety – 34
We have next logging message: 2023-03-10 19:28:29,035:INFO-Gladness – 45
We have next logging message: 2023-03-10 19:28:29,036:INFO-Cat – Cat
We have next logging message: 2023-03-10 19:28:29,037:INFO-                   Home indexes                   
We have next logging message: 2023-03-10 19:28:29,037:INFO-Food – 0
We have next logging message: 2023-03-10 19:28:29,037:INFO-Mess – 10
We have next logging message: 2023-03-10 19:28:29,037:INFO-                Volvo car indexes                 
We have next logging message: 2023-03-10 19:28:29,037:INFO-Fuel – 82
We have next logging message: 2023-03-10 19:28:29,037:INFO-Strength – 139
We have next logging message: 2023-03-10 19:28:29,037:INFO-Start working
We have next logging message: 2023-03-10 19:28:29,038:INFO-========== Today the 40 of Nick's life ===========
We have next logging message: 2023-03-10 19:28:29,038:INFO-                  Nick's indexes                  
We have next logging message: 2023-03-10 19:28:29,038:INFO-Money – 255
We have next logging message: 2023-03-10 19:28:29,038:INFO-Satiety – 30
We have next logging message: 2023-03-10 19:28:29,038:INFO-Gladness – 20
We have next logging message: 2023-03-10 19:28:29,038:INFO-Cat – Cat
We have next logging message: 2023-03-10 19:28:29,038:INFO-                   Home indexes                   
We have next logging message: 2023-03-10 19:28:29,038:INFO-Food – 0
We have next logging message: 2023-03-10 19:28:29,039:INFO-Mess – 10
We have next logging message: 2023-03-10 19:28:29,039:INFO-                Volvo car indexes                 
We have next logging message: 2023-03-10 19:28:29,039:INFO-Fuel – 74
We have next logging message: 2023-03-10 19:28:29,039:INFO-Strength – 138
We have next logging message: 2023-03-10 19:28:29,039:INFO-Start working
